<?xml version="1.0" encoding="UTF-8"?>
<!-- Generated by org.testng.reporters.JUnitXMLReporter -->
<testsuite hostname="ebby" ignored="0" name="Default test" tests="5" failures="0" timestamp="04 Apr 2018 22:56:19 GMT" time="0.057" errors="0">
  <testcase name="p3test1" time="0.014" classname="Pages.P3"/>
  <testcase name="p3test2" time="0.002" classname="Pages.P3"/>
  <testcase name="p3test3" time="0.002" classname="Pages.P3"/>
  <testcase name="p3test4" time="0.002" classname="Pages.P3"/>
  <testcase name="p3test5" time="0.002" classname="Pages.P3"/>
</testsuite> <!-- Default test -->
