<?xml version="1.0" encoding="UTF-8"?>
<!-- Generated by org.testng.reporters.JUnitXMLReporter -->
<testsuite hostname="ebby" ignored="8" name="Test" tests="7" failures="0" timestamp="05 Apr 2018 15:45:15 GMT" time="0.059" errors="0">
  <testcase name="p2test2" time="0.011" classname="Pages.P2"/>
  <testcase name="p2test4" time="0.001" classname="Pages.P2"/>
  <testcase name="p3test1" time="0.001" classname="Pages.P3"/>
  <testcase name="p3test4" time="0.001" classname="Pages.P3"/>
  <testcase name="p3test5" time="0.002" classname="Pages.P3"/>
  <testcase name="p1test1" time="0.001" classname="Pages.P1"/>
  <testcase name="p1test2" time="0.001" classname="Pages.P1"/>
  <testcase name="p2test5" time="0.0" classname="Pages.P2">
    <ignored/>
  </testcase> <!-- p2test5 -->
  <testcase name="p1test5" time="0.0" classname="Pages.P1">
    <ignored/>
  </testcase> <!-- p1test5 -->
  <testcase name="p3test2" time="0.0" classname="Pages.P3">
    <ignored/>
  </testcase> <!-- p3test2 -->
  <testcase name="p1test4" time="0.0" classname="Pages.P1">
    <ignored/>
  </testcase> <!-- p1test4 -->
  <testcase name="p1test3" time="0.0" classname="Pages.P1">
    <ignored/>
  </testcase> <!-- p1test3 -->
  <testcase name="p3test3" time="0.0" classname="Pages.P3">
    <ignored/>
  </testcase> <!-- p3test3 -->
  <testcase name="p2test3" time="0.0" classname="Pages.P2">
    <ignored/>
  </testcase> <!-- p2test3 -->
  <testcase name="p2test1" time="0.0" classname="Pages.P2">
    <ignored/>
  </testcase> <!-- p2test1 -->
</testsuite> <!-- Test -->
